Using pre-set license
Built from '2020.2/release' branch; Version is '2020.2.1f1 (270dd8c3da1c) revision 2559448'; Using compiler version '192528614'; Build Type 'Release'
OS: 'Windows 10  (10.0.0) 64bit' Language: 'en' Physical Memory: 16303 MB
BatchMode: 1, IsHumanControllingUs: 0, StartBugReporterOnCrash: 0, Is64bit: 1, IsPro: 0

 COMMAND LINE ARGUMENTS:
D:\Unity\2020.2.1f1\Editor\Unity.exe
-adb2
-batchMode
-noUpm
-name
AssetImportWorker0
-projectPath
D:/GitHub/CART315/315Exercise
-logFile
Logs/AssetImportWorker0.log
-srvPort
50832
Successfully changed project path to: D:/GitHub/CART315/315Exercise
D:/GitHub/CART315/315Exercise
Using Asset Import Pipeline V2.
Refreshing native plugins compatible for Editor in 26.50 ms, found 0 plugins.
Preloading 0 native plugins for Editor in 0.00 ms.
Initialize engine version: 2020.2.1f1 (270dd8c3da1c)
[Subsystems] Discovering subsystems at path D:/Unity/2020.2.1f1/Editor/Data/Resources/UnitySubsystems
[Subsystems] Discovering subsystems at path D:/GitHub/CART315/315Exercise/Assets
GfxDevice: creating device client; threaded=0
Direct3D:
    Version:  Direct3D 11.0 [level 11.1]
    Renderer: NVIDIA GeForce GTX 1050 (ID=0x1c8d)
    Vendor:   
    VRAM:     1979 MB
    Driver:   26.21.14.4187
Initialize mono
Mono path[0] = 'D:/Unity/2020.2.1f1/Editor/Data/Managed'
Mono path[1] = 'D:/Unity/2020.2.1f1/Editor/Data/MonoBleedingEdge/lib/mono/unityjit'
Mono config path = 'D:/Unity/2020.2.1f1/Editor/Data/MonoBleedingEdge/etc'
Using monoOptions --debugger-agent=transport=dt_socket,embedding=1,server=y,suspend=n,address=127.0.0.1:56004
Begin MonoManager ReloadAssembly
Registering precompiled unity dll's ...
Register platform support module: D:/Unity/2020.2.1f1/Editor/Data/PlaybackEngines/WindowsStandaloneSupport/UnityEditor.WindowsStandalone.Extensions.dll
Registered in 0.003690 seconds.
Native extension for WindowsStandalone target not found
Refreshing native plugins compatible for Editor in 24.49 ms, found 0 plugins.
Preloading 0 native plugins for Editor in 0.00 ms.
Invoked RoslynAnalysisRunner static constructor.
RoslynAnalysisRunner will not be running.
RoslynAnalysisRunner has terminated.
Mono: successfully reloaded assembly
- Completed reload, in  1.418 seconds
Platform modules already initialized, skipping
Registering precompiled user dll's ...
Registered in 0.001299 seconds.
Begin MonoManager ReloadAssembly
Native extension for WindowsStandalone target not found
Refreshing native plugins compatible for Editor in 0.22 ms, found 0 plugins.
Preloading 0 native plugins for Editor in 0.00 ms.
Invoked RoslynAnalysisRunner static constructor.
RoslynAnalysisRunner will not be running.
RoslynAnalysisRunner has terminated.
Mono: successfully reloaded assembly
- Completed reload, in  0.913 seconds
Platform modules already initialized, skipping
========================================================================
Worker process is ready to serve import requests
Launched and connected shader compiler UnityShaderCompiler.exe after 0.06 seconds
Refreshing native plugins compatible for Editor in 0.24 ms, found 0 plugins.
Preloading 0 native plugins for Editor in 0.00 ms.
Unloading 1115 Unused Serialized files (Serialized files now loaded: 0)
System memory in use before: 56.4 MB.
System memory in use after: 56.4 MB.

Unloading 10 unused Assets to reduce memory usage. Loaded Objects now: 1554.
Total: 1.832600 ms (FindLiveObjects: 0.143600 ms CreateObjectMapping: 0.045800 ms MarkObjects: 1.577500 ms  DeleteObjects: 0.064500 ms)

========================================================================
Received Import Request.
  path: Assets/Mente Bacata/Scivolo Character Controller
  artifactKey: Guid(e60370a77069db147b026e160867b0b5) Importer(815301076,1909f56bfc062723c751e8b465ee728b)
Start importing Assets/Mente Bacata/Scivolo Character Controller using Guid(e60370a77069db147b026e160867b0b5) Importer(815301076,1909f56bfc062723c751e8b465ee728b)  -> (artifact id: 'ad52e0a5d03b6ffa487becc603a4289e') in 0.009234 seconds
  Import took 0.011353 seconds .

========================================================================
Received Import Request.
  Time since last request: 0.000298 seconds.
  path: Assets/Mente Bacata
  artifactKey: Guid(9058560b293828d4ab375a22c6deb905) Importer(815301076,1909f56bfc062723c751e8b465ee728b)
Start importing Assets/Mente Bacata using Guid(9058560b293828d4ab375a22c6deb905) Importer(815301076,1909f56bfc062723c751e8b465ee728b)  -> (artifact id: 'b4884dc7c10c8c181106f7e675fc4ce4') in 0.008058 seconds
  Import took 0.010086 seconds .

========================================================================
Received Import Request.
  Time since last request: 0.000408 seconds.
  path: Assets/Mente Bacata/Scivolo Character Controller/Demo
  artifactKey: Guid(a22778ccc2b96c440bc8ce54dbd096c3) Importer(815301076,1909f56bfc062723c751e8b465ee728b)
Start importing Assets/Mente Bacata/Scivolo Character Controller/Demo using Guid(a22778ccc2b96c440bc8ce54dbd096c3) Importer(815301076,1909f56bfc062723c751e8b465ee728b)  -> (artifact id: '1be2edf716b04e730b7286b0ecff2c34') in 0.008125 seconds
  Import took 0.010937 seconds .

========================================================================
Received Import Request.
  Time since last request: 0.012927 seconds.
  path: Assets/Mente Bacata/Scivolo Character Controller/Demo
  artifactKey: Guid(a22778ccc2b96c440bc8ce54dbd096c3) Importer(815301076,1909f56bfc062723c751e8b465ee728b)
Start importing Assets/Mente Bacata/Scivolo Character Controller/Demo using Guid(a22778ccc2b96c440bc8ce54dbd096c3) Importer(815301076,1909f56bfc062723c751e8b465ee728b)  -> (artifact id: '1be2edf716b04e730b7286b0ecff2c34') in 0.003280 seconds
  Import took 0.005859 seconds .

AssetImportWorkerClient::OnTransportError - code=2 error=End of file
